cdparanoia -A -v -d /dev/sr0 
cdparanoia III release 10.2 (September 11, 2008)

Using cdda library version: 10.2
Using paranoia library version: 10.2

Attempting to set cdrom to full speed... 
	drive returned OK.

=================== Checking drive cache/timing behavior ===================

Seek/read timing:

	[65:06.31]: 
292981:1:78 292982:27:25 293009:27:25 293036:27:25 293063:27:25 293090:27:25 293117:27:25 293144:27:25 293171:27:25 293198:27:25 293225:27:25 293252:27:25 293279:27:25 293306:27:25 293333:27:25 293360:27:25 293387:27:25 293414:27:25 293441:27:25 293468:27:25 293495:27:25 293522:27:25 293549:27:25 293576:27:25 293603:27:25 293630:27:25 293657:27:25 293684:27:25 293711:27:25 293738:27:25 293765:27:25 293792:27:25 293819:27:25 293846:27:25 293873:27:25 293900:27:25 293927:27:25 293954:27:25 
	Initial seek latency (1000 sectors): 78ms
	Average read latency: 0.93ms/sector (raw speed: 14.4x)
	Read latency standard deviation: -nanms/sector
	[65:06.30]: 
292980:1:65 292981:27:25 293008:27:25 293035:27:25 293062:27:25 293089:27:25 293116:27:25 293143:27:25 293170:27:25 293197:27:25 293224:27:25 293251:27:25 293278:27:25 293305:27:25 293332:27:25 293359:27:25 293386:27:25 293413:27:25 293440:27:25 293467:27:25 293494:27:25 293521:27:25 293548:27:25 293575:27:25 293602:27:25 293629:27:25 293656:27:25 293683:27:25 293710:27:25 293737:27:1572 293764:27:15 293791:27:15 293818:27:14 293845:27:14 293872:27:14 293899:27:14 293926:27:14 293953:27:14 
	Initial seek latency (1000 sectors): 65ms
	Average read latency: 2.39ms/sector (raw speed: 5.6x)
	Read latency standard deviation: 9.31ms/sector
	[65:06.29]: 
292979:1:53 292980:27:14 293007:27:14 293034:27:14 293061:27:14 293088:27:14 293115:27:14 293142:27:13 293169:27:13 293196:27:13 293223:27:13 293250:27:13 293277:27:13 293304:27:13 293331:27:13 293358:27:13 293385:27:13 293412:27:13 293439:27:13 293466:27:13 293493:27:13 293520:27:13 293547:27:13 293574:27:13 293601:27:13 293628:27:13 293655:27:13 293682:27:13 293709:27:12 293736:27:12 293763:27:12 293790:27:12 293817:27:12 293844:27:12 293871:27:12 293898:27:12 293925:27:12 293952:27:12 
	Initial seek latency (1000 sectors): 53ms
	Average read latency: 0.48ms/sector (raw speed: 27.9x)
	Read latency standard deviation: 0.02ms/sector
	[65:06.28]: 
292978:1:46 292979:27:12 293006:27:12 293033:27:12 293060:27:12 293087:27:12 293114:27:12 293141:27:12 293168:27:12 293195:27:12 293222:27:12 293249:27:12 293276:27:12 293303:27:12 293330:27:12 293357:27:12 293384:27:12 293411:27:12 293438:27:12 293465:27:12 293492:27:12 293519:27:12 293546:27:12 293573:27:12 293600:27:12 293627:27:12 293654:27:12 293681:27:12 293708:27:12 293735:27:12 293762:27:12 293789:27:12 293816:27:12 293843:27:12 293870:27:12 293897:27:12 293924:27:12 293951:27:12 
	Initial seek latency (1000 sectors): 46ms
	Average read latency: 0.44ms/sector (raw speed: 30.0x)
	Read latency standard deviation: 0.00ms/sector
	[65:06.27]: 
292977:1:28 292978:27:12 293005:27:12 293032:27:12 293059:27:12 293086:27:12 293113:27:12 293140:27:12 293167:27:12 293194:27:12 293221:27:12 293248:27:12 293275:27:12 293302:27:12 293329:27:12 293356:27:12 293383:27:12 293410:27:12 293437:27:12 293464:27:12 293491:27:12 293518:27:12 293545:27:12 293572:27:12 293599:27:12 293626:27:12 293653:27:12 293680:27:12 293707:27:12 293734:27:12 293761:27:12 293788:27:12 293815:27:12 293842:27:12 293869:27:12 293896:27:12 293923:27:12 293950:27:12 
	Initial seek latency (1000 sectors): 28ms
	Average read latency: 0.44ms/sector (raw speed: 30.0x)
	Read latency standard deviation: 0.00ms/sector
	[65:06.26]: 
292976:1:37 292977:27:12 293004:27:12 293031:27:12 293058:27:12 293085:27:12 293112:27:12 293139:27:12 293166:27:12 293193:27:12 293220:27:12 293247:27:12 293274:27:12 293301:27:12 293328:27:12 293355:27:12 293382:27:12 293409:27:12 293436:27:12 293463:27:12 293490:27:12 293517:27:12 293544:27:12 293571:27:12 293598:27:12 293625:27:12 293652:27:12 293679:27:12 293706:27:12 293733:27:12 293760:27:12 293787:27:12 293814:27:12 293841:27:12 293868:27:12 293895:27:12 293922:27:12 293949:27:12 
	Initial seek latency (1000 sectors): 37ms
	Average read latency: 0.44ms/sector (raw speed: 30.0x)
	Read latency standard deviation: 0.00ms/sector
	[65:06.25]: 
292975:1:28 292976:27:12 293003:27:12 293030:27:12 293057:27:12 293084:27:12 293111:27:12 293138:27:12 293165:27:12 293192:27:12 293219:27:12 293246:27:12 293273:27:12 293300:27:12 293327:27:12 293354:27:12 293381:27:12 293408:27:12 293435:27:12 293462:27:12 293489:27:12 293516:27:12 293543:27:12 293570:27:12 293597:27:12 293624:27:12 293651:27:12 293678:27:12 293705:27:12 293732:27:12 293759:27:12 293786:27:12 293813:27:12 293840:27:12 293867:27:12 293894:27:12 293921:27:12 293948:27:12 
	Initial seek latency (1000 sectors): 28ms
	Average read latency: 0.44ms/sector (raw speed: 30.0x)
	Read latency standard deviation: 0.00ms/sector
	[65:06.24]: 
292974:1:28 292975:27:12 293002:27:12 293029:27:12 293056:27:12 293083:27:12 293110:27:12 293137:27:12 293164:27:12 293191:27:12 293218:27:12 293245:27:12 293272:27:12 293299:27:12 293326:27:12 293353:27:12 293380:27:12 293407:27:12 293434:27:12 293461:27:12 293488:27:12 293515:27:12 293542:27:12 293569:27:12 293596:27:12 293623:27:12 293650:27:12 293677:27:12 293704:27:12 293731:27:12 293758:27:12 293785:27:12 293812:27:12 293839:27:12 293866:27:12 293893:27:12 293920:27:12 293947:27:12 
	Initial seek latency (1000 sectors): 28ms
	Average read latency: 0.44ms/sector (raw speed: 30.0x)
	Read latency standard deviation: 0.00ms/sector
	[65:06.23]: 
292973:1:29 292974:27:12 293001:27:12 293028:27:12 293055:27:12 293082:27:12 293109:27:12 293136:27:12 293163:27:12 293190:27:12 293217:27:12 293244:27:12 293271:27:12 293298:27:12 293325:27:12 293352:27:12 293379:27:12 293406:27:12 293433:27:12 293460:27:12 293487:27:12 293514:27:12 293541:27:12 293568:27:12 293595:27:12 293622:27:13 293649:27:12 293676:27:12 293703:27:12 293730:27:12 293757:27:12 293784:27:12 293811:27:12 293838:27:12 293865:27:12 293892:27:12 293919:27:12 293946:27:12 
	Initial seek latency (1000 sectors): 29ms
	Average read latency: 0.45ms/sector (raw speed: 29.9x)
	Read latency standard deviation: 0.01ms/sector
	[65:06.22]: 
292972:1:29 292973:27:12 293000:27:12 293027:27:12 293054:27:12 293081:27:12 293108:27:12 293135:27:12 293162:27:12 293189:27:12 293216:27:12 293243:27:12 293270:27:12 293297:27:12 293324:27:12 293351:27:12 293378:27:12 293405:27:12 293432:27:12 293459:27:12 293486:27:12 293513:27:12 293540:27:12 293567:27:12 293594:27:12 293621:27:12 293648:27:12 293675:27:12 293702:27:12 293729:27:12 293756:27:12 293783:27:12 293810:27:12 293837:27:12 293864:27:12 293891:27:12 293918:27:12 293945:27:12 
	Initial seek latency (1000 sectors): 29ms
	Average read latency: 0.44ms/sector (raw speed: 30.0x)
	Read latency standard deviation: 0.00ms/sector
	[65:06.21]: 
292971:1:28 292972:27:12 292999:27:12 293026:27:12 293053:27:12 293080:27:12 293107:27:12 293134:27:12 293161:27:12 293188:27:12 293215:27:12 293242:27:12 293269:27:12 293296:27:12 293323:27:12 293350:27:12 293377:27:12 293404:27:12 293431:27:12 293458:27:12 293485:27:12 293512:27:12 293539:27:12 293566:27:12 293593:27:12 293620:27:12 293647:27:12 293674:27:12 293701:27:12 293728:27:12 293755:27:12 293782:27:12 293809:27:12 293836:27:12 293863:27:12 293890:27:12 293917:27:12 293944:27:12 
	Initial seek latency (1000 sectors): 28ms
	Average read latency: 0.44ms/sector (raw speed: 30.0x)
	Read latency standard deviation: 0.00ms/sector
	[65:06.20]: 
292970:1:29 292971:27:12 292998:27:12 293025:27:12 293052:27:12 293079:27:12 293106:27:12 293133:27:12 293160:27:12 293187:27:12 293214:27:12 293241:27:12 293268:27:12 293295:27:12 293322:27:12 293349:27:12 293376:27:12 293403:27:12 293430:27:12 293457:27:12 293484:27:12 293511:27:12 293538:27:12 293565:27:12 293592:27:12 293619:27:12 293646:27:12 293673:27:12 293700:27:12 293727:27:12 293754:27:12 293781:27:12 293808:27:12 293835:27:12 293862:27:12 293889:27:12 293916:27:12 293943:27:12 
	Initial seek latency (1000 sectors): 29ms
	Average read latency: 0.44ms/sector (raw speed: 30.0x)
	Read latency standard deviation: 0.00ms/sector
	[65:06.19]: 
292969:1:29 292970:27:12 292997:27:12 293024:27:12 293051:27:12 293078:27:12 293105:27:12 293132:27:12 293159:27:12 293186:27:12 293213:27:12 293240:27:12 293267:27:12 293294:27:12 293321:27:12 293348:27:12 293375:27:12 293402:27:12 293429:27:12 293456:27:12 293483:27:12 293510:27:12 293537:27:12 293564:27:12 293591:27:12 293618:27:12 293645:27:12 293672:27:12 293699:27:12 293726:27:12 293753:27:12 293780:27:12 293807:27:12 293834:27:12 293861:27:12 293888:27:12 293915:27:12 293942:27:12 
	Initial seek latency (1000 sectors): 29ms
	Average read latency: 0.44ms/sector (raw speed: 30.0x)
	Read latency standard deviation: 0.00ms/sector
	[65:06.18]: 
292968:1:29 292969:27:12 292996:27:12 293023:27:12 293050:27:12 293077:27:12 293104:27:12 293131:27:12 293158:27:12 293185:27:12 293212:27:12 293239:27:12 293266:27:12 293293:27:12 293320:27:12 293347:27:12 293374:27:12 293401:27:12 293428:27:12 293455:27:12 293482:27:12 293509:27:12 293536:27:12 293563:27:12 293590:27:12 293617:27:12 293644:27:12 293671:27:12 293698:27:12 293725:27:12 293752:27:12 293779:27:12 293806:27:12 293833:27:12 293860:27:12 293887:27:12 293914:27:12 293941:27:12 
	Initial seek latency (1000 sectors): 29ms
	Average read latency: 0.44ms/sector (raw speed: 30.0x)
	Read latency standard deviation: 0.00ms/sector
	[60:00.00]: 
270000:1:32 270001:27:13 270028:27:13 270055:27:13 270082:27:13 270109:27:13 270136:27:13 270163:27:13 270190:27:13 270217:27:13 270244:27:13 270271:27:13 270298:27:13 270325:27:13 270352:27:13 270379:27:13 270406:27:13 270433:27:13 270460:27:13 270487:27:13 270514:27:13 270541:27:13 270568:27:13 270595:27:13 270622:27:13 270649:27:13 270676:27:13 270703:27:13 270730:27:13 270757:27:13 270784:27:13 270811:27:13 270838:27:13 270865:27:13 270892:27:13 270919:27:13 270946:27:13 270973:27:13 
	Initial seek latency (1000 sectors): 32ms
	Average read latency: 0.48ms/sector (raw speed: 27.7x)
	Read latency standard deviation: -nanms/sector
	[50:00.00]: 
225000:1:32 225001:27:14 225028:27:14 225055:27:14 225082:27:14 225109:27:14 225136:27:14 225163:27:14 225190:27:14 225217:27:14 225244:27:14 225271:27:14 225298:27:14 225325:27:14 225352:27:14 225379:27:14 225406:27:14 225433:27:14 225460:27:14 225487:27:14 225514:27:14 225541:27:14 225568:27:14 225595:27:14 225622:27:14 225649:27:14 225676:27:14 225703:27:14 225730:27:14 225757:27:14 225784:27:14 225811:27:14 225838:27:14 225865:27:14 225892:27:14 225919:27:14 225946:27:14 225973:27:14 
	Initial seek latency (1000 sectors): 32ms
	Average read latency: 0.52ms/sector (raw speed: 25.7x)
	Read latency standard deviation: -nanms/sector
	[40:00.00]: 
180000:1:32 180001:27:15 180028:27:15 180055:27:15 180082:27:15 180109:27:15 180136:27:15 180163:27:15 180190:27:15 180217:27:15 180244:27:15 180271:27:15 180298:27:15 180325:27:15 180352:27:15 180379:27:15 180406:27:15 180433:27:15 180460:27:15 180487:27:15 180514:27:15 180541:27:15 180568:27:15 180595:27:15 180622:27:15 180649:27:15 180676:27:15 180703:27:15 180730:27:15 180757:27:15 180784:27:15 180811:27:15 180838:27:15 180865:27:15 180892:27:15 180919:27:15 180946:27:15 180973:27:15 
	Initial seek latency (1000 sectors): 32ms
	Average read latency: 0.56ms/sector (raw speed: 24.0x)
	Read latency standard deviation: -nanms/sector
	[30:00.00]: 
135000:1:36 135001:27:17 135028:27:17 135055:27:17 135082:27:17 135109:27:17 135136:27:17 135163:27:17 135190:27:17 135217:27:17 135244:27:17 135271:27:17 135298:27:17 135325:27:17 135352:27:17 135379:27:17 135406:27:17 135433:27:17 135460:27:17 135487:27:17 135514:27:17 135541:27:17 135568:27:17 135595:27:17 135622:27:17 135649:27:17 135676:27:17 135703:27:17 135730:27:17 135757:27:17 135784:27:17 135811:27:17 135838:27:17 135865:27:17 135892:27:17 135919:27:17 135946:27:17 135973:27:17 
	Initial seek latency (1000 sectors): 36ms
	Average read latency: 0.63ms/sector (raw speed: 21.2x)
	Read latency standard deviation: 0.00ms/sector
	[20:00.00]: 
90000:1:44 90001:27:19 90028:27:19 90055:27:19 90082:27:19 90109:27:19 90136:27:19 90163:27:19 90190:27:19 90217:27:19 90244:27:19 90271:27:19 90298:27:19 90325:27:19 90352:27:19 90379:27:19 90406:27:19 90433:27:19 90460:27:19 90487:27:19 90514:27:19 90541:27:19 90568:27:19 90595:27:19 90622:27:19 90649:27:19 90676:27:19 90703:27:19 90730:27:19 90757:27:19 90784:27:19 90811:27:19 90838:27:19 90865:27:19 90892:27:19 90919:27:19 90946:27:19 90973:27:19 
	Initial seek latency (1000 sectors): 44ms
	Average read latency: 0.70ms/sector (raw speed: 18.9x)
	Read latency standard deviation: -nanms/sector
	[10:00.00]: 
45000:1:42 45001:27:23 45028:27:23 45055:27:23 45082:27:23 45109:27:23 45136:27:23 45163:27:23 45190:27:23 45217:27:23 45244:27:23 45271:27:23 45298:27:23 45325:27:23 45352:27:23 45379:27:23 45406:27:23 45433:27:23 45460:27:23 45487:27:23 45514:27:23 45541:27:23 45568:27:23 45595:27:23 45622:27:23 45649:27:23 45676:27:23 45703:27:23 45730:27:23 45757:27:23 45784:27:23 45811:27:23 45838:27:23 45865:27:22 45892:27:23 45919:27:22 45946:27:22 45973:27:22 
	Initial seek latency (1000 sectors): 42ms
	Average read latency: 0.85ms/sector (raw speed: 15.7x)
	Read latency standard deviation: 0.01ms/sector
	[00:00.00]: 
0:1:54 1:27:29 28:27:29 55:27:29 82:27:29 109:27:29 136:27:29 163:27:29 190:27:29 217:27:29 244:27:29 271:27:29 298:27:29 325:27:29 352:27:29 379:27:29 406:27:29 433:27:29 460:27:29 487:27:29 514:27:29 541:27:29 568:27:29 595:27:29 622:27:29 649:27:29 676:27:29 703:27:29 730:27:29 757:27:29 784:27:29 811:27:29 838:27:29 865:27:29 892:27:29 919:27:29 946:27:29 973:27:29 
	Initial seek latency (1000 sectors): 54ms
	Average read latency: 1.07ms/sector (raw speed: 12.4x)
	Read latency standard deviation: -nanms/sector

Analyzing cache behavior...
	Fast search for approximate cache size... 0 sectors            
		>>> fast_read=10:1:58 seek_read=10:1:36
		>>> fast_read=10:1:27 seek_read=10:1:27
		>>> fast_read=10:1:27 seek_read=10:1:46
		>>> fast_read=10:1:101 seek_read=10:1:27
		>>> fast_read=10:1:27 seek_read=10:1:27
		>>> fast_read=10:1:36 seek_read=10:1:101
		>>> fast_read=10:1:27 seek_read=10:1:27
		>>> fast_read=10:1:101 seek_read=10:1:27
		>>> fast_read=10:1:27 seek_read=10:1:27
		>>> fast_read=10:1:175 seek_read=10:1:27
		>>> fast_read=10:1:27 seek_read=10:1:27
		>>> fast_read=10:1:27 seek_read=10:1:27
		>>> fast_read=10:1:27 seek_read=10:1:36
		>>> fast_read=10:1:101 seek_read=10:1:27
		>>> fast_read=10:1:27 seek_read=10:1:27
	Slow verify for approximate cache size... 0 sectors
	Attempting to reduce read speed to 1x... drive said OK
		>>> slow_read=10:1:45 seek_read=10:1:101
		>>> slow_read=10:1:27 seek_read=10:1:36
		>>> slow_read=10:1:101 seek_read=10:1:27
		>>> slow_read=10:1:27 seek_read=10:1:27
		>>> slow_read=10:1:36 seek_read=10:1:92
		>>> slow_read=10:1:36 seek_read=10:1:27
		>>> slow_read=10:1:27 seek_read=10:1:101
		>>> slow_read=10:1:27 seek_read=10:1:27
		>>> slow_read=10:1:36 seek_read=10:1:101
		>>> slow_read=10:1:27 seek_read=10:1:27
	Drive does not cache nonlinear access                            

Drive tests OK with Paranoia.

